<?xml version="1.0" encoding="UTF-8"?>
<!-- Generated by org.testng.reporters.JUnitReportReporter -->
<testsuite hostname="LAPTOP-2AVHV9RE" failures="0" tests="1" name="com.dvops.maven.eclipse.NewTest" time="0.006" errors="0" timestamp="2023-02-05T01:21:53 SGT" skipped="0">
  <testcase classname="com.dvops.maven.eclipse.NewTest" name="f" time="0.006"/>
  <system-out/>
</testsuite> <!-- com.dvops.maven.eclipse.NewTest -->
